{"/Users/carloscasalar/nodes/katas/kata-tic-tac-toe/src/FieldAlreadyPlayedException.js": {"path":"/Users/carloscasalar/nodes/katas/kata-tic-tac-toe/src/FieldAlreadyPlayedException.js","statementMap":{"0":{"start":{"line":3,"column":8},"end":{"line":3,"column":23}},"1":{"start":{"line":7,"column":0},"end":{"line":7,"column":45}}},"fnMap":{"0":{"name":"(anonymous_0)","decl":{"start":{"line":2,"column":4},"end":{"line":2,"column":5}},"loc":{"start":{"line":2,"column":24},"end":{"line":4,"column":5}},"line":2}},"branchMap":{},"s":{"0":1,"1":1},"f":{"0":1},"b":{},"_coverageSchema":"332fd63041d2c1bcb487cc26dd0d5f7d97098a6c","hash":"1abbce0539ad7353cf69d0644321d7902ed3c714"}
,"/Users/carloscasalar/nodes/katas/kata-tic-tac-toe/src/Game.js": {"path":"/Users/carloscasalar/nodes/katas/kata-tic-tac-toe/src/Game.js","statementMap":{"0":{"start":{"line":2,"column":36},"end":{"line":2,"column":76}},"1":{"start":{"line":6,"column":8},"end":{"line":6,"column":23}},"2":{"start":{"line":7,"column":8},"end":{"line":7,"column":29}},"3":{"start":{"line":11,"column":8},"end":{"line":11,"column":29}},"4":{"start":{"line":15,"column":8},"end":{"line":15,"column":29}},"5":{"start":{"line":21,"column":8},"end":{"line":21,"column":34}},"6":{"start":{"line":22,"column":8},"end":{"line":22,"column":40}},"7":{"start":{"line":26,"column":24},"end":{"line":36,"column":9}},"8":{"start":{"line":38,"column":8},"end":{"line":38,"column":72}},"9":{"start":{"line":38,"column":48},"end":{"line":38,"column":70}},"10":{"start":{"line":42,"column":22},"end":{"line":43,"column":72}},"11":{"start":{"line":43,"column":27},"end":{"line":43,"column":71}},"12":{"start":{"line":45,"column":8},"end":{"line":47,"column":9}},"13":{"start":{"line":46,"column":12},"end":{"line":46,"column":74}},"14":{"start":{"line":49,"column":8},"end":{"line":49,"column":27}},"15":{"start":{"line":53,"column":8},"end":{"line":55,"column":20}},"16":{"start":{"line":54,"column":27},"end":{"line":54,"column":71}},"17":{"start":{"line":59,"column":8},"end":{"line":61,"column":20}},"18":{"start":{"line":60,"column":27},"end":{"line":60,"column":71}},"19":{"start":{"line":65,"column":8},"end":{"line":65,"column":56}},"20":{"start":{"line":65,"column":42},"end":{"line":65,"column":54}},"21":{"start":{"line":69,"column":0},"end":{"line":69,"column":22}}},"fnMap":{"0":{"name":"(anonymous_0)","decl":{"start":{"line":5,"column":4},"end":{"line":5,"column":5}},"loc":{"start":{"line":5,"column":28},"end":{"line":8,"column":5}},"line":5},"1":{"name":"(anonymous_1)","decl":{"start":{"line":10,"column":4},"end":{"line":10,"column":5}},"loc":{"start":{"line":10,"column":16},"end":{"line":12,"column":5}},"line":10},"2":{"name":"(anonymous_2)","decl":{"start":{"line":14,"column":4},"end":{"line":14,"column":5}},"loc":{"start":{"line":14,"column":18},"end":{"line":16,"column":5}},"line":14},"3":{"name":"(anonymous_3)","decl":{"start":{"line":20,"column":4},"end":{"line":20,"column":5}},"loc":{"start":{"line":20,"column":18},"end":{"line":23,"column":5}},"line":20},"4":{"name":"(anonymous_4)","decl":{"start":{"line":25,"column":4},"end":{"line":25,"column":5}},"loc":{"start":{"line":25,"column":17},"end":{"line":39,"column":5}},"line":25},"5":{"name":"(anonymous_5)","decl":{"start":{"line":38,"column":29},"end":{"line":38,"column":30}},"loc":{"start":{"line":38,"column":48},"end":{"line":38,"column":70}},"line":38},"6":{"name":"(anonymous_6)","decl":{"start":{"line":41,"column":4},"end":{"line":41,"column":5}},"loc":{"start":{"line":41,"column":29},"end":{"line":50,"column":5}},"line":41},"7":{"name":"(anonymous_7)","decl":{"start":{"line":43,"column":18},"end":{"line":43,"column":19}},"loc":{"start":{"line":43,"column":27},"end":{"line":43,"column":71}},"line":43},"8":{"name":"(anonymous_8)","decl":{"start":{"line":52,"column":4},"end":{"line":52,"column":5}},"loc":{"start":{"line":52,"column":35},"end":{"line":56,"column":5}},"line":52},"9":{"name":"(anonymous_9)","decl":{"start":{"line":54,"column":18},"end":{"line":54,"column":19}},"loc":{"start":{"line":54,"column":27},"end":{"line":54,"column":71}},"line":54},"10":{"name":"(anonymous_10)","decl":{"start":{"line":58,"column":4},"end":{"line":58,"column":5}},"loc":{"start":{"line":58,"column":37},"end":{"line":62,"column":5}},"line":58},"11":{"name":"(anonymous_11)","decl":{"start":{"line":60,"column":18},"end":{"line":60,"column":19}},"loc":{"start":{"line":60,"column":27},"end":{"line":60,"column":71}},"line":60},"12":{"name":"(anonymous_12)","decl":{"start":{"line":64,"column":4},"end":{"line":64,"column":5}},"loc":{"start":{"line":64,"column":21},"end":{"line":66,"column":5}},"line":64},"13":{"name":"(anonymous_13)","decl":{"start":{"line":65,"column":33},"end":{"line":65,"column":34}},"loc":{"start":{"line":65,"column":42},"end":{"line":65,"column":54}},"line":65}},"branchMap":{"0":{"loc":{"start":{"line":43,"column":27},"end":{"line":43,"column":71}},"type":"binary-expr","locations":[{"start":{"line":43,"column":27},"end":{"line":43,"column":44}},{"start":{"line":43,"column":48},"end":{"line":43,"column":71}}],"line":43},"1":{"loc":{"start":{"line":45,"column":8},"end":{"line":47,"column":9}},"type":"if","locations":[{"start":{"line":45,"column":8},"end":{"line":47,"column":9}},{"start":{"line":45,"column":8},"end":{"line":47,"column":9}}],"line":45},"2":{"loc":{"start":{"line":54,"column":27},"end":{"line":54,"column":71}},"type":"binary-expr","locations":[{"start":{"line":54,"column":27},"end":{"line":54,"column":44}},{"start":{"line":54,"column":48},"end":{"line":54,"column":71}}],"line":54},"3":{"loc":{"start":{"line":60,"column":27},"end":{"line":60,"column":71}},"type":"binary-expr","locations":[{"start":{"line":60,"column":27},"end":{"line":60,"column":44}},{"start":{"line":60,"column":48},"end":{"line":60,"column":71}}],"line":60}},"s":{"0":1,"1":54,"2":54,"3":11,"4":31,"5":6,"6":6,"7":6,"8":6,"9":54,"10":12,"11":48,"12":12,"13":1,"14":11,"15":1,"16":1,"17":1,"18":1,"19":1,"20":9,"21":1},"f":{"0":54,"1":11,"2":31,"3":6,"4":6,"5":54,"6":12,"7":48,"8":1,"9":1,"10":1,"11":1,"12":1,"13":9},"b":{"0":[48,21],"1":[1,11],"2":[1,1],"3":[1,1]},"_coverageSchema":"332fd63041d2c1bcb487cc26dd0d5f7d97098a6c","hash":"83648b5308a31b981f6720689c3e754d4c1c94cc"}
}
