{"/Users/carloscasalar/nodes/katas/kata-tic-tac-toe/src/Game.js": {"path":"/Users/carloscasalar/nodes/katas/kata-tic-tac-toe/src/Game.js","statementMap":{"0":{"start":{"line":3,"column":8},"end":{"line":3,"column":23}},"1":{"start":{"line":4,"column":8},"end":{"line":4,"column":29}},"2":{"start":{"line":8,"column":8},"end":{"line":8,"column":29}},"3":{"start":{"line":12,"column":8},"end":{"line":12,"column":29}},"4":{"start":{"line":18,"column":8},"end":{"line":18,"column":34}},"5":{"start":{"line":19,"column":8},"end":{"line":19,"column":40}},"6":{"start":{"line":23,"column":24},"end":{"line":33,"column":9}},"7":{"start":{"line":35,"column":8},"end":{"line":35,"column":72}},"8":{"start":{"line":35,"column":48},"end":{"line":35,"column":70}},"9":{"start":{"line":39,"column":8},"end":{"line":41,"column":25}},"10":{"start":{"line":40,"column":27},"end":{"line":40,"column":71}},"11":{"start":{"line":45,"column":8},"end":{"line":47,"column":20}},"12":{"start":{"line":46,"column":27},"end":{"line":46,"column":71}},"13":{"start":{"line":51,"column":0},"end":{"line":51,"column":22}}},"fnMap":{"0":{"name":"(anonymous_0)","decl":{"start":{"line":2,"column":4},"end":{"line":2,"column":5}},"loc":{"start":{"line":2,"column":28},"end":{"line":5,"column":5}},"line":2},"1":{"name":"(anonymous_1)","decl":{"start":{"line":7,"column":4},"end":{"line":7,"column":5}},"loc":{"start":{"line":7,"column":16},"end":{"line":9,"column":5}},"line":7},"2":{"name":"(anonymous_2)","decl":{"start":{"line":11,"column":4},"end":{"line":11,"column":5}},"loc":{"start":{"line":11,"column":18},"end":{"line":13,"column":5}},"line":11},"3":{"name":"(anonymous_3)","decl":{"start":{"line":17,"column":4},"end":{"line":17,"column":5}},"loc":{"start":{"line":17,"column":18},"end":{"line":20,"column":5}},"line":17},"4":{"name":"(anonymous_4)","decl":{"start":{"line":22,"column":4},"end":{"line":22,"column":5}},"loc":{"start":{"line":22,"column":17},"end":{"line":36,"column":5}},"line":22},"5":{"name":"(anonymous_5)","decl":{"start":{"line":35,"column":29},"end":{"line":35,"column":30}},"loc":{"start":{"line":35,"column":48},"end":{"line":35,"column":70}},"line":35},"6":{"name":"(anonymous_6)","decl":{"start":{"line":38,"column":4},"end":{"line":38,"column":5}},"loc":{"start":{"line":38,"column":29},"end":{"line":42,"column":5}},"line":38},"7":{"name":"(anonymous_7)","decl":{"start":{"line":40,"column":18},"end":{"line":40,"column":19}},"loc":{"start":{"line":40,"column":27},"end":{"line":40,"column":71}},"line":40},"8":{"name":"(anonymous_8)","decl":{"start":{"line":44,"column":4},"end":{"line":44,"column":5}},"loc":{"start":{"line":44,"column":35},"end":{"line":48,"column":5}},"line":44},"9":{"name":"(anonymous_9)","decl":{"start":{"line":46,"column":18},"end":{"line":46,"column":19}},"loc":{"start":{"line":46,"column":27},"end":{"line":46,"column":71}},"line":46}},"branchMap":{"0":{"loc":{"start":{"line":40,"column":27},"end":{"line":40,"column":71}},"type":"binary-expr","locations":[{"start":{"line":40,"column":27},"end":{"line":40,"column":44}},{"start":{"line":40,"column":48},"end":{"line":40,"column":71}}],"line":40},"1":{"loc":{"start":{"line":46,"column":27},"end":{"line":46,"column":71}},"type":"binary-expr","locations":[{"start":{"line":46,"column":27},"end":{"line":46,"column":44}},{"start":{"line":46,"column":48},"end":{"line":46,"column":71}}],"line":46}},"s":{"0":36,"1":36,"2":1,"3":10,"4":4,"5":4,"6":4,"7":4,"8":36,"9":1,"10":1,"11":1,"12":1,"13":1},"f":{"0":36,"1":1,"2":10,"3":4,"4":4,"5":36,"6":1,"7":1,"8":1,"9":1},"b":{"0":[1,1],"1":[1,1]},"_coverageSchema":"332fd63041d2c1bcb487cc26dd0d5f7d97098a6c","hash":"55ba4e0e70af9214c6ce2dbfced8dd51393b55a4"}
}
