TN:
SF:/Users/carloscasalar/nodes/katas/kata-tic-tac-toe/src/Field.js
FN:2,(anonymous_0)
FN:7,(anonymous_1)
FN:11,(anonymous_2)
FNF:3
FNH:3
FNDA:54,(anonymous_0)
FNDA:11,(anonymous_1)
FNDA:31,(anonymous_2)
DA:3,54
DA:4,54
DA:8,11
DA:12,31
DA:16,1
LF:5
LH:5
BRF:0
BRH:0
end_of_record
TN:
SF:/Users/carloscasalar/nodes/katas/kata-tic-tac-toe/src/FieldAlreadyPlayedException.js
FN:2,(anonymous_0)
FNF:1
FNH:1
FNDA:1,(anonymous_0)
DA:3,1
DA:7,1
LF:2
LH:2
BRF:0
BRH:0
end_of_record
TN:
SF:/Users/carloscasalar/nodes/katas/kata-tic-tac-toe/src/Game.js
FN:6,(anonymous_0)
FN:11,(anonymous_1)
FN:24,(anonymous_2)
FN:27,(anonymous_3)
FN:29,(anonymous_4)
FN:38,(anonymous_5)
FN:40,(anonymous_6)
FN:44,(anonymous_7)
FN:46,(anonymous_8)
FN:50,(anonymous_9)
FN:51,(anonymous_10)
FNF:11
FNH:11
FNDA:6,(anonymous_0)
FNDA:6,(anonymous_1)
FNDA:54,(anonymous_2)
FNDA:12,(anonymous_3)
FNDA:48,(anonymous_4)
FNDA:1,(anonymous_5)
FNDA:1,(anonymous_6)
FNDA:1,(anonymous_7)
FNDA:1,(anonymous_8)
FNDA:1,(anonymous_9)
FNDA:9,(anonymous_10)
DA:2,1
DA:3,1
DA:7,6
DA:8,6
DA:12,6
DA:24,54
DA:28,12
DA:29,48
DA:31,12
DA:32,1
DA:35,11
DA:39,1
DA:40,1
DA:45,1
DA:46,1
DA:51,9
DA:55,1
LF:17
LH:17
BRDA:29,0,0,48
BRDA:29,0,1,21
BRDA:31,1,0,1
BRDA:31,1,1,11
BRDA:40,2,0,1
BRDA:40,2,1,1
BRDA:46,3,0,1
BRDA:46,3,1,1
BRF:8
BRH:8
end_of_record
