TN:
SF:/Users/carloscasalar/nodes/katas/kata-tic-tac-toe/src/Game.js
FN:2,(anonymous_0)
FN:7,(anonymous_1)
FN:11,(anonymous_2)
FN:17,(anonymous_3)
FN:22,(anonymous_4)
FN:35,(anonymous_5)
FN:38,(anonymous_6)
FN:40,(anonymous_7)
FN:44,(anonymous_8)
FN:46,(anonymous_9)
FNF:10
FNH:10
FNDA:36,(anonymous_0)
FNDA:1,(anonymous_1)
FNDA:10,(anonymous_2)
FNDA:4,(anonymous_3)
FNDA:4,(anonymous_4)
FNDA:36,(anonymous_5)
FNDA:1,(anonymous_6)
FNDA:1,(anonymous_7)
FNDA:1,(anonymous_8)
FNDA:1,(anonymous_9)
DA:3,36
DA:4,36
DA:8,1
DA:12,10
DA:18,4
DA:19,4
DA:23,4
DA:35,36
DA:39,1
DA:40,1
DA:45,1
DA:46,1
DA:51,1
LF:13
LH:13
BRDA:40,0,0,1
BRDA:40,0,1,1
BRDA:46,1,0,1
BRDA:46,1,1,1
BRF:4
BRH:4
end_of_record
